<?xml version="1.0" encoding="UTF-8"?>
<!-- Generated by org.testng.reporters.JUnitReportReporter -->
<testsuite hostname="MONO-HYD-LAP15" failures="0" tests="1" name="api.APITest" time="19.670" errors="0" timestamp="2023-06-09T14:34:09 IST" skipped="0">
  <testcase classname="api.APITest" name="createTest" time="19.670"/>
  <system-out/>
</testsuite> <!-- api.APITest -->
