<?xml version="1.0" encoding="UTF-8"?>
<!-- Generated by org.testng.reporters.JUnitReportReporter -->
<testsuite hostname="MONO-HYD-LAP15" failures="0" tests="1" name="api.ScrollInto" time="26.620" errors="0" timestamp="2023-06-08T16:02:35 IST" skipped="0">
  <testcase classname="api.ScrollInto" name="scrollAction" time="26.620"/>
  <system-out/>
</testsuite> <!-- api.ScrollInto -->
